[0m20:58:36.472451 [debug] [MainThread]: Sending event: {'category': 'dbt', 'action': 'invocation', 'label': 'start', 'context': [<snowplow_tracker.self_describing_json.SelfDescribingJson object at 0x71043ab613a0>, <snowplow_tracker.self_describing_json.SelfDescribingJson object at 0x71043b681850>, <snowplow_tracker.self_describing_json.SelfDescribingJson object at 0x71043d2340e0>]}


============================== 20:58:36.476775 | cca300b6-418c-436c-8b5a-016eb8796bfc ==============================
[0m20:58:36.476775 [info ] [MainThread]: Running with dbt=1.10.4
[0m20:58:36.477305 [debug] [MainThread]: running dbt with arguments {'printer_width': '80', 'indirect_selection': 'eager', 'log_cache_events': 'False', 'write_json': 'True', 'partial_parse': 'True', 'cache_selected_only': 'False', 'profiles_dir': '/home/damodara_barbosa/.dbt', 'debug': 'False', 'version_check': 'True', 'log_path': 'logs', 'warn_error': 'None', 'fail_fast': 'False', 'use_colors': 'True', 'use_experimental_parser': 'False', 'no_print': 'None', 'quiet': 'False', 'empty': 'None', 'log_format': 'default', 'invocation_command': 'dbt init', 'static_parser': 'True', 'introspect': 'True', 'target_path': 'None', 'warn_error_options': 'WarnErrorOptionsV2(error=[], warn=[], silence=[])', 'send_anonymous_usage_stats': 'True'}
[0m20:58:47.980606 [debug] [MainThread]: Starter project path: /home/damodara_barbosa/projetos/modelagem_eleicoes/venv/lib/python3.12/site-packages/dbt/include/starter_project
[0m20:58:47.990335 [info ] [MainThread]: 
Your new dbt project "modelagem_eleicoes" was created!

For more information on how to configure the profiles.yml file,
please consult the dbt documentation here:

  https://docs.getdbt.com/docs/configure-your-profile

One more thing:

Need help? Don't hesitate to reach out to us via GitHub issues or on Slack:

  https://community.getdbt.com/

Happy modeling!

[0m20:58:47.991327 [info ] [MainThread]: Setting up your profile.
[0m20:59:27.186656 [info ] [MainThread]: Profile modelagem_eleicoes written to /home/damodara_barbosa/.dbt/profiles.yml using target's profile_template.yml and your supplied values. Run 'dbt debug' to validate the connection.
[0m20:59:27.188501 [debug] [MainThread]: Resource report: {"command_name": "init", "command_success": true, "command_wall_clock_time": 44.92148, "process_in_blocks": "2376", "process_kernel_time": 1.262583, "process_mem_max_rss": "358448", "process_out_blocks": "80", "process_user_time": 5.268771}
[0m20:59:27.189799 [debug] [MainThread]: Command `dbt init` succeeded at 20:59:27.189604 after 44.92 seconds
[0m20:59:27.190498 [debug] [MainThread]: Sending event: {'category': 'dbt', 'action': 'invocation', 'label': 'end', 'context': [<snowplow_tracker.self_describing_json.SelfDescribingJson object at 0x71043b681850>, <snowplow_tracker.self_describing_json.SelfDescribingJson object at 0x7103fd30a420>, <snowplow_tracker.self_describing_json.SelfDescribingJson object at 0x7103fe0d97f0>]}
[0m20:59:27.191081 [debug] [MainThread]: Flushing usage events
[0m20:59:27.718704 [debug] [MainThread]: An error was encountered while trying to flush usage events
